
info [Wed Jul 10 2019 13:54:16 GMT+0100 (GMT Daylight Time)]  token is legit eyJhbGciOiJIUzI1NiIsInR5cCI6IkpXVCJ9.eyJkYXRhIjp7InVzZXJJZCI6ImI3UG9tb0xjdUJqVGVYZ2lHc2FaZUtaWkhjallhdlhQYnY2bDlORXhqWlNtcDRVOGhSeDhUZVU2SzRGbFBLeWM5M0ZZZE12UEV4WUNnNTkzTllyM3pGaTBURURRQmJqZnY5Zzc4RG4zOHVkM1YwRlA5WFdPMnJIb0t1Ymo3dU5PbGJ4VENnaXJEcGI2Y1hla1paUGV3cEoxY3NUVmJubWNIUDBzQU1vWUsxd0taU2JPeUNVR2hqWk1WajUydnprQzB5NHlDMFZFIiwiaXNfYWRtaW4iOnRydWV9LCJpYXQiOjE1NjI3NjMyNTYsImV4cCI6MTU2MzM2ODA1Nn0.mUF7nMYMzwD4QM_HNmaxXgFwEB8VK-jWwGhKonXxxFA
info [Wed Jul 10 2019 13:54:16 GMT+0100 (GMT Daylight Time)]  bus response is [object Object]
info [Wed Jul 10 2019 13:54:16 GMT+0100 (GMT Daylight Time)]  bus error is null
info [Wed Jul 10 2019 13:54:16 GMT+0100 (GMT Daylight Time)]  bus id is 0uNqebv76m7xAR1VS4OWxxOakWgceOtL2RDZPLYw0G73RmKoUnUd6ZTYPsmQSU50zO3oM9dVZo0Vex6Hh816fpi9cPUX8Zwjl1OwC60CgvK10gVBtJWK042odHKoTkNEvl3ZFPc6F9xUZ2mx40GiRjoAzn3oJYePVjC1XxGAu23XOFNyAA1PKKSyUNUUro5RHDR4ljf6





info [Wed Jul 10 2019 13:54:44 GMT+0100 (GMT Daylight Time)]  token is legit eyJhbGciOiJIUzI1NiIsInR5cCI6IkpXVCJ9.eyJkYXRhIjp7InVzZXJJZCI6Ik9ZZWJyc1VQdVZqRHVBU0VKRldDSk5ZdHUwaUs4MERScThOcGI1WHNSZTM4NEVIQmNwMHRld0pONmdvOWVXcWpVRFJudEtqV1JTMkFkeWR3YjNBOWhScjFZenhvZXJMdzhGaGFvaExvNDB0YWEwRkhPRlB3dlhTdmNRT3paSHplWFViNHBtS1h2QXJnVnIyT1JvVG1QbTd4VUI1N0JCTEYyN3VDZGJLVGxqWHBMUFZ5Y0ZZRnVVdFVuQ0Q2M3VjdjV0b2RhR1huIiwiaXNfYWRtaW4iOnRydWV9LCJpYXQiOjE1NjI3NjMyODQsImV4cCI6MTU2MzM2ODA4NH0.FhSqUGdpzxTYVZNG3GJe4dD0fqTT046XXgbtZ1JaeDw
info [Wed Jul 10 2019 13:54:44 GMT+0100 (GMT Daylight Time)]  bus response is [object Object]
info [Wed Jul 10 2019 13:54:44 GMT+0100 (GMT Daylight Time)]  bus error is null
info [Wed Jul 10 2019 13:54:44 GMT+0100 (GMT Daylight Time)]  bus id is S4E23kudZXB56E2cZlqXCWb254AYpBW0eoCcyQqdymDnmeG64AY3dcfz607zvdOqurRZSwVWCfArcEh0dPl8ny85HtDlne5W8sE3shZYGbNoquaxN19rJiHlQhhFLGEcpaPYSNCNBS9mtiRbkMASj83W1YNJEb1zf0K0fJ1FKus9UGgAKMjm9dcpQqV2el5etttTZYzL





info [Wed Jul 10 2019 13:56:21 GMT+0100 (GMT Daylight Time)]  token is legit eyJhbGciOiJIUzI1NiIsInR5cCI6IkpXVCJ9.eyJkYXRhIjp7InVzZXJJZCI6IjFIdTk3Z21sMjdvTzdpY3d0WnROTWNXdFlxSGNWTnZkZmd6UmRtalNVZG1YOVdMeGM2OUdQcGI1QkREZTVVRlU4UGQxVWdRQVdKU2xIaWpONXplalhZNHB6Z0dITW5EbXhBTkVxUDFZNkRIYVIxTDRFS2RnYUhha1VaWE5KQWZPcTluU3g5MGFxaHZob1BiYXJ6ZVRPQTNlb2UxU0Uzbk13bXJkcmRSSEEwR1VWUzZ6SFo0ZDZ6ZUV5azNxbVdXdHVZbktNVUZ1IiwiaXNfYWRtaW4iOnRydWV9LCJpYXQiOjE1NjI3NjMzODEsImV4cCI6MTU2MzM2ODE4MX0.IDLppGcZvgYgwbMWHVqSAULTqazeQ5JVaeqBTaV8uKs
info [Wed Jul 10 2019 13:56:21 GMT+0100 (GMT Daylight Time)]  bus response is [object Object]
info [Wed Jul 10 2019 13:56:21 GMT+0100 (GMT Daylight Time)]  bus error is null
info [Wed Jul 10 2019 13:56:21 GMT+0100 (GMT Daylight Time)]  bus id is yyrXaqVseMwHjxAUQchrqv3obyfmrSP903JhSGZjS7oYUrxXQ4AOucrfJBRDkWyTZRO9RghnqVzr0LBbAydL91YrAT2rnTy3AHjbQkl8r6PH9wYVny363HM9TUsVBb3jgCOg5it3fcO3O41wlF7YFciauLybrULNBkAlZ0gfB5d6fLa2wVjFLYfC1imviB9Zw40MN2mG



info [Wed Jul 10 2019 13:56:30 GMT+0100 (GMT Daylight Time)]  token is legit eyJhbGciOiJIUzI1NiIsInR5cCI6IkpXVCJ9.eyJkYXRhIjp7InVzZXJJZCI6IlhUOHFFbEFWdzZVbnpYY1RVR0RiZTlOYlBWRWpvRTAycE9VWENudzZqWHJXMG1qUFNZaGJOMTFFV1BWUFVvVUZEdE1MN0xwVmtWaG1wZkMzc3ZyVHBMV01uOWxLbEoyT2JielZ6UG1jMXRjS2FUMnRHQzhtbENBa21kdmV5YU9vRXgzWnBNQ05DSk9OOEpKMHFHWmJEMDM2UUhqeXkwODk3blRrQ3BneExqTDhPaVJlOUNhb0VjekducU9qbmxvUVVkemhDaWhKIiwiaXNfYWRtaW4iOnRydWV9LCJpYXQiOjE1NjI3NjMzOTAsImV4cCI6MTU2MzM2ODE5MH0.hKirSYbgTAZp-mHqbxYjh5e-3ec6ltqdTpYcB4C6Xe0
info [Wed Jul 10 2019 13:56:30 GMT+0100 (GMT Daylight Time)]  bus response is [object Object]
info [Wed Jul 10 2019 13:56:30 GMT+0100 (GMT Daylight Time)]  bus error is null
info [Wed Jul 10 2019 13:56:30 GMT+0100 (GMT Daylight Time)]  bus id is GLk7j0GQKcUXBbzmJyxCsbp4YPL8U4nkRcZUmcOXxaSrLEHrzjPQUcBgvjOObxuW2mEUw3M6pr74rzbHHvDyO8x9VzFFWcMQJDgoJNs6jMkDC7xoATqbPQchdZ0CVSDeEQ75Um8B8kT4yAztEVjSEvBOn7uHrp0lFs8lQGG2Znd8GTDzJZFcdt8fY0rrcX1mlj1hUfn9





info [Wed Jul 10 2019 14:15:55 GMT+0100 (GMT Daylight Time)]  token is legit eyJhbGciOiJIUzI1NiIsInR5cCI6IkpXVCJ9.eyJkYXRhIjp7InVzZXJJZCI6Im1UV2lYT0Q5NDZXVDcySnpwTG1yUWRoSlVZbENwYk43MVF4MmlSMnhCcmcwRW5TVWFxUm5GOVdTT2hSdHlaTU4zZVdKTFNvMVN4WmFVeWJIcEVzbFBabThBY21Yc1RIckdPcXdkemh4d0ZjWXdPMFoxTjBNaHJzYlpqZDZRNjVMRU1td0dabVdheUFUMmo1QlhxeVQ2Z3lkeVVUVVpBRURHSmhEZUtVNm9YSGg2WHdMVFY1NlNPV0dPbnpzQlgwa2ZlTGhHbXFRIiwiaXNfYWRtaW4iOnRydWV9LCJpYXQiOjE1NjI3NjQ1NTUsImV4cCI6MTU2MzM2OTM1NX0.leAwLr1CahcB8iFw0Zz3tQiAmLvWB-UQoDTM_6yVsEQ
info [Wed Jul 10 2019 14:15:55 GMT+0100 (GMT Daylight Time)]  bus response is [object Object]
info [Wed Jul 10 2019 14:15:55 GMT+0100 (GMT Daylight Time)]  bus error is null
info [Wed Jul 10 2019 14:15:55 GMT+0100 (GMT Daylight Time)]  bus id is uoBNZe65LgTU8uHGYRq0o3Qr63XMCmcNzNsql7Dj6ZV9uFWVmwb794qGbGl9DvRQgkAMmWYfKeMuUmDWgs0ltcSSkhxiXtaRjTRHFsJoavppBY2pQiy4DLNC1ELMy1eKx9P4SyndQD965tn97y14OZFzqD1NJWWRqfPXAk46gFBASabPoOKl6cuu6YUYEYgQv8cFe5Y7





info [Wed Jul 10 2019 14:17:12 GMT+0100 (GMT Daylight Time)]  token is legit eyJhbGciOiJIUzI1NiIsInR5cCI6IkpXVCJ9.eyJkYXRhIjp7InVzZXJJZCI6ImtscjB3WFBZc3JVTlVsOGhZeXFtc3lvazBKVVBpYWpLVWdBUld4QldEekdER1A5MWd0MVNyckV3dFNmYzBXMXNtNXZNZWhoVWlOdk5DY0xVVWpxVzNQN09GNGdyZ2VscmMxS3lIaUZCTFlDZ29mVmdIekpmTXpibkhoQVg4RmRDOFVkUjNGaVIwTko2NzhaRUZhRURmdlNZQzAxMG9LT25aVXBLOE5XWHpDMks1QktmOTdQQ1VzVXJmcVR1M1ZYWFZuN3lQVU9qIiwiaXNfYWRtaW4iOnRydWV9LCJpYXQiOjE1NjI3NjQ2MzIsImV4cCI6MTU2MzM2OTQzMn0.M2bPgfWV4Zw6cUJtNlRrplOuvsuZO2I4ZIetuFrhZlY
info [Wed Jul 10 2019 14:17:12 GMT+0100 (GMT Daylight Time)]  bus response is [object Object]
info [Wed Jul 10 2019 14:17:12 GMT+0100 (GMT Daylight Time)]  bus error is null
info [Wed Jul 10 2019 14:17:12 GMT+0100 (GMT Daylight Time)]  bus id is cMxbY0KGmYjvBj13xvsiXakB5YXnns2jl2p7OlQj81nPWzDOfyW6WjpREnwyTQBUKHWwLX5h9BZoDuPTXMqZsH64gojtMZjFQMAlyqf85wtz3YPoVMr63wWsaU2Nz7xD3cBAwxyHpreU2YXjd2nc4UK0KOLbcUT52ysE7C3bggCchZQbE1S7fD1QFFBNbTd8vqjvdFBN





info [Wed Jul 10 2019 14:17:48 GMT+0100 (GMT Daylight Time)]  token is legit eyJhbGciOiJIUzI1NiIsInR5cCI6IkpXVCJ9.eyJkYXRhIjp7InVzZXJJZCI6IndkdWtyc2NxY1U3UzhQQ3JRcjBlbGJuVU9Sc05hb240VW9naXdhZ3JTRzNKcU12VGlKczBMeGx2Vm4yb1R0NGJYeU5EMTBKbW5DQWM3ZFUwVTROd1hRWDYxY092endQNHhuYlFmTllMRFQwNnVZSnFOa2F1Z2c1V1ExN3VjRDIycmxpREtYaEFZa0hrelNabENWTnQxQzNvS1hwc1k3cjg3QU8za09ENUVYUUZhSkp1OVVtaG85VDRBQVZNdGtXWnUyQ1BOaExhIiwiaXNfYWRtaW4iOnRydWV9LCJpYXQiOjE1NjI3NjQ2NjgsImV4cCI6MTU2MzM2OTQ2OH0.4tfpR7dNIAEuoV3Fbp_jJiVMYuNEwDLSvfmAFFwiO3M
info [Wed Jul 10 2019 14:17:48 GMT+0100 (GMT Daylight Time)]  bus response is [object Object]
info [Wed Jul 10 2019 14:17:48 GMT+0100 (GMT Daylight Time)]  bus error is null
info [Wed Jul 10 2019 14:17:48 GMT+0100 (GMT Daylight Time)]  bus id is 5JSF5orDt2bxwOEZmuH3y38yJpOOGKRWxUG0Y3mt3kcPhDCNGwayY1PtwMbSe8yOKLxk29EB6RNGSx9Bq9wL1HsRAYckq6Z4ZxAKdXiUWnh06gjZSvU8vTpH4wtjmVUu2kqcCbN3ZUnP3tT1KGegden7QukviexoCfs3e9pWtD9wsWf1QsJzaYCpQRNnWQDQZYSAQPde
